ipc request: invalid LOG_THRESHOLD BAD_LOG_THRESHOLD, valid values: DEBUG|INFO|WARNING|ERROR|FATAL
ipc request: invalid LAPTOP_LID_MONITOR BAD_LAPTOP_LID_MONITOR, valid values: ON|OFF|TRUE|FALSE|YES|NO, using default ON
ipc request: invalid CALLBACK_CMD expected scalar, got sequence, using default notify-send "way-displays ${CALLBACK_LEVEL}" "${CALLBACK_MSG}"
ipc request: invalid ORDER regex '(order': Unmatched ( or \(
ipc request: invalid ARRANGE BAD_ARRANGE, valid values: ROW|COLUMN, using default ROW
ipc request: invalid ALIGN BAD_ALIGN, valid values: TOP|MIDDLE|BOTTOM|LEFT|RIGHT, using default TOP
ipc request: invalid SCALING BAD_SCALING, valid values: ON|OFF|TRUE|FALSE|YES|NO, using default ON
ipc request: invalid SCALE_ROUND_TO BAD_SCALE_ROUND_TO, valid values: 0.125|0.25|0.5|1, using default 0.125
ipc request: invalid SCALE_ROUND_STRATEGY BAD_SCALE_ROUND_STRATEGY, valid values: NEAREST|UP|DOWN, using default NEAREST
ipc request: invalid AUTO_SCALE BAD_AUTO_SCALE, valid values: ON|OFF|TRUE|FALSE|YES|NO, using default ON
ipc request: invalid AUTO_SCALE_DPI BAD_AUTO_SCALE_DPI, using default 96
ipc request: invalid AUTO_SCALE_MIN BAD_AUTO_SCALE_MIN, using default 1.0
ipc request: invalid AUTO_SCALE_MAX BAD_AUTO_SCALE_MAX, using default -1.0
ipc request: invalid SCALE BAD_SCALE_NAME SCALE BAD_SCALE_VAL
ipc request: invalid SCALE NAME_DESC regex '(scale': Unmatched ( or \(
ipc request: invalid MODE BAD_MODE_MAX MAX BAD_MAX, valid values: ON|OFF|TRUE|FALSE|YES|NO
ipc request: invalid MODE BAD_MODE_WIDTH WIDTH BAD_WIDTH
ipc request: invalid MODE BAD_MODE_HEIGHT HEIGHT BAD_HEIGHT
ipc request: invalid MODE BAD_MODE_HZ HZ BAD_HZ
ipc request: invalid MODE NAME_DESC regex '(mode': Unmatched ( or \(
ipc request: invalid TRANSFORM BAD_TRANSFORM_NAME TRANSFORM BAD_TRANSFORM_VAL, valid values: 90|180|270|FLIPPED|FLIPPED-90|FLIPPED-180|FLIPPED-270
ipc request: invalid TRANSFORM NAME_DESC regex '(transform': Unmatched ( or \(
ipc request: invalid VRR_OFF regex '(vrroff': Unmatched ( or \(
ipc request: invalid MAX_PREFERRED_REFRESH regex '(max': Unmatched ( or \(
ipc request: invalid DISABLED regex '(disabled1': Unmatched ( or \(
ipc request: invalid DISABLED NAME_DESC regex '(disabled2': Unmatched ( or \(
ipc request: invalid DISABLED BAD_DISABLED_IFS PLUGGED regex '(plugged1': Unmatched ( or \(
ipc request: invalid DISABLED BAD_DISABLED_IFS UNPLUGGED regex '(unplugged1': Unmatched ( or \(
ipc request: invalid DISABLED BAD_DISABLED_IFS LID BAD_DISABLED_LID, valid values: OPEN|CLOSED|NOT_PRESENT

