Ignoring invalid LOG_THRESHOLD BAD_LOG_THRESHOLD
Ignoring invalid ORDER regex '(order':  Unmatched ( or \(
Ignoring invalid ARRANGE BAD_ARRANGE, using default ROW
Ignoring invalid ALIGN BAD_ALIGN, using default TOP
Ignoring invalid AUTO_SCALE BAD_AUTO_SCALE, using default ON
Ignoring missing SCALE NAME_DESC
Ignoring invalid SCALE BAD_SCALE_NAME SCALE BAD_SCALE_VAL
Ignoring missing SCALE MISSING_SCALE_VALUE SCALE
Ignoring invalid SCALE regex '(scale':  Unmatched ( or \(
Ignoring missing MODE NAME_DESC
Ignoring invalid MODE BAD_MODE_MAX MAX BAD_MAX
Ignoring invalid MODE BAD_MODE_WIDTH WIDTH BAD_WIDTH
Ignoring invalid MODE BAD_MODE_HEIGHT HEIGHT BAD_HEIGHT
Ignoring invalid MODE BAD_MODE_HZ HZ BAD_HZ
Ignoring invalid MODE regex '(mode':  Unmatched ( or \(
Ignoring missing TRANSFORM NAME_DESC
Ignoring invalid TRANSFORM BAD_TRANSFORM_NAME TRANSFORM BAD_TRANSFORM_VAL
Ignoring missing TRANSFORM MISSING_TRANSFORM_VALUE TRANSFORM
Ignoring invalid TRANSFORM regex '(transform':  Unmatched ( or \(
Ignoring invalid VRR_OFF regex '(vrroff':  Unmatched ( or \(
Ignoring invalid MAX_PREFERRED_REFRESH regex '(max':  Unmatched ( or \(
Ignoring invalid DISABLED regex '(disabled':  Unmatched ( or \(

